\BOOKMARK [0][-]{chapter.1}{\376\377\000A\000n\000a\000l\000i\000s\000i\000\040\000d\000e\000l\000l\000a\000\040\000P\000a\000n\000o\000r\000a\000m\000i\000c\000a\000\040\000d\000i\000\040\000S\000i\000c\000u\000r\000e\000z\000z\000a}{}% 1
\BOOKMARK [1][-]{section.1.1}{\376\377\000D\000e\000f\000i\000n\000i\000z\000i\000o\000n\000e\000\040\000V\000u\000l\000n\000e\000r\000a\000b\000i\000l\000i\000t\000\340}{chapter.1}% 2
\BOOKMARK [1][-]{section.1.2}{\376\377\000G\000r\000a\000v\000i\000t\000\340\000\040\000C\000r\000i\000t\000i\000c\000a}{chapter.1}% 3
\BOOKMARK [1][-]{section.1.3}{\376\377\000G\000r\000a\000v\000i\000t\000\340\000\040\000A\000l\000t\000a}{chapter.1}% 4
\BOOKMARK [1][-]{section.1.4}{\376\377\000G\000r\000a\000v\000i\000t\000\340\000\040\000M\000e\000d\000i\000a}{chapter.1}% 5
\BOOKMARK [1][-]{section.1.5}{\376\377\000G\000r\000a\000v\000i\000t\000\340\000\040\000B\000a\000s\000s\000a}{chapter.1}% 6
\BOOKMARK [1][-]{section.1.6}{\376\377\000G\000r\000a\000v\000i\000t\000\340\000\040\000I\000n\000f\000o\000r\000m\000a\000t\000i\000v\000a}{chapter.1}% 7
\BOOKMARK [1][-]{section.1.7}{\376\377\000P\000a\000n\000o\000r\000a\000m\000i\000c\000a\000\040\000d\000e\000l\000l\000a\000\040\000P\000o\000s\000t\000u\000r\000a\000\040\000d\000i\000\040\000S\000i\000c\000u\000r\000e\000z\000z\000a\000\040\000e\000\040\000L\000i\000v\000e\000l\000l\000o\000\040\000d\000i\000\040\000R\000i\000s\000c\000h\000i\000o\000\040\000C\000o\000m\000p\000l\000e\000s\000s\000i\000v\000o}{chapter.1}% 8
\BOOKMARK [1][-]{section.1.8}{\376\377\000C\000o\000n\000s\000i\000d\000e\000r\000a\000z\000i\000o\000n\000i\000\040\000s\000u\000l\000\040\000N\000u\000m\000e\000r\000o\000\040\000T\000o\000t\000a\000l\000e\000\040\000d\000i\000\040\000V\000u\000l\000n\000e\000r\000a\000b\000i\000l\000i\000t\000\340}{chapter.1}% 9
\BOOKMARK [1][-]{section.1.9}{\376\377\000D\000i\000s\000c\000u\000s\000s\000i\000o\000n\000e\000\040\000s\000u\000l\000l\000a\000\040\000S\000u\000d\000d\000i\000v\000i\000s\000i\000o\000n\000e\000\040\000d\000e\000i\000\040\000T\000i\000p\000i\000\040\000d\000i\000\040\000V\000u\000l\000n\000e\000r\000a\000b\000i\000l\000i\000t\000\340}{chapter.1}% 10
\BOOKMARK [2][-]{subsection.1.9.1}{\376\377\000V\000u\000l\000n\000e\000r\000a\000b\000i\000l\000i\000t\000\340\000\040\000C\000r\000i\000t\000i\000c\000h\000e\000\040\000\050\0000\000\051}{section.1.9}% 11
\BOOKMARK [2][-]{subsection.1.9.2}{\376\377\000V\000u\000l\000n\000e\000r\000a\000b\000i\000l\000i\000t\000\340\000\040\000A\000l\000t\000e\000\040\000\050\0000\000\051}{section.1.9}% 12
\BOOKMARK [2][-]{subsection.1.9.3}{\376\377\000V\000u\000l\000n\000e\000r\000a\000b\000i\000l\000i\000t\000\340\000\040\000M\000e\000d\000i\000e\000\040\000\050\0004\000\051}{section.1.9}% 13
\BOOKMARK [2][-]{subsection.1.9.4}{\376\377\000V\000u\000l\000n\000e\000r\000a\000b\000i\000l\000i\000t\000\340\000\040\000B\000a\000s\000s\000e\000\040\000\050\0000\000\051}{section.1.9}% 14
\BOOKMARK [0][-]{chapter.2}{\376\377\000A\000n\000a\000l\000i\000s\000i\000\040\000d\000e\000l\000l\000a\000\040\000D\000i\000s\000t\000r\000i\000b\000u\000z\000i\000o\000n\000e\000\040\000d\000e\000l\000l\000e\000\040\000G\000r\000a\000v\000i\000t\000\340\000\040\000d\000e\000l\000l\000e\000\040\000V\000u\000l\000n\000e\000r\000a\000b\000i\000l\000i\000t\000\340}{}% 15
\BOOKMARK [1][-]{section.2.1}{\376\377\000R\000i\000e\000p\000i\000l\000o\000g\000o\000\040\000d\000e\000l\000l\000a\000\040\000D\000i\000s\000t\000r\000i\000b\000u\000z\000i\000o\000n\000e\000\040\000d\000e\000l\000l\000e\000\040\000G\000r\000a\000v\000i\000t\000\340}{chapter.2}% 16
\BOOKMARK [1][-]{section.2.2}{\376\377\000L\000i\000v\000e\000l\000l\000o\000\040\000d\000i\000\040\000G\000r\000a\000v\000i\000t\000\340\000\040\000p\000i\000\371\000\040\000C\000o\000m\000u\000n\000e}{chapter.2}% 17
\BOOKMARK [1][-]{section.2.3}{\376\377\000P\000e\000r\000c\000e\000n\000t\000u\000a\000l\000e\000\040\000d\000i\000\040\000C\000i\000a\000s\000c\000u\000n\000\040\000L\000i\000v\000e\000l\000l\000o\000\040\000d\000i\000\040\000G\000r\000a\000v\000i\000t\000\340}{chapter.2}% 18
\BOOKMARK [1][-]{section.2.4}{\376\377\000I\000m\000p\000a\000t\000t\000o\000\040\000d\000e\000l\000l\000e\000\040\000V\000u\000l\000n\000e\000r\000a\000b\000i\000l\000i\000t\000\340\000\040\000C\000r\000i\000t\000i\000c\000h\000e\000\040\000e\000\040\000A\000l\000t\000e}{chapter.2}% 19
\BOOKMARK [1][-]{section.2.5}{\376\377\000U\000r\000g\000e\000n\000z\000a\000\040\000d\000e\000l\000l\000a\000\040\000R\000i\000s\000o\000l\000u\000z\000i\000o\000n\000e}{chapter.2}% 20
\BOOKMARK [1][-]{section.2.6}{\376\377\000R\000i\000s\000c\000h\000i\000o\000\040\000C\000u\000m\000u\000l\000a\000t\000i\000v\000o\000\040\000d\000e\000l\000l\000e\000\040\000V\000u\000l\000n\000e\000r\000a\000b\000i\000l\000i\000t\000\340\000\040\000M\000e\000d\000i\000e\000\040\000e\000\040\000B\000a\000s\000s\000a}{chapter.2}% 21
\BOOKMARK [1][-]{section.2.7}{\376\377\000R\000i\000s\000c\000h\000i\000o\000\040\000C\000o\000m\000p\000l\000e\000s\000s\000i\000v\000o\000\040\000e\000\040\000I\000m\000p\000a\000t\000t\000o\000\040\000s\000u\000\040\000C\000o\000n\000f\000o\000r\000m\000i\000t\000\340\000/\000S\000i\000c\000u\000r\000e\000z\000z\000a}{chapter.2}% 22
\BOOKMARK [0][-]{chapter.3}{\376\377\000A\000n\000a\000l\000i\000s\000i\000\040\000d\000e\000l\000l\000e\000\040\000V\000u\000l\000n\000e\000r\000a\000b\000i\000l\000i\000t\000\340\000\040\000d\000e\000l\000\040\000S\000i\000s\000t\000e\000m\000a}{}% 23
\BOOKMARK [1][-]{section.3.1}{\376\377\000R\000i\000e\000p\000i\000l\000o\000g\000o\000\040\000d\000e\000i\000\040\000T\000i\000p\000i\000\040\000P\000r\000e\000v\000a\000l\000e\000n\000t\000i\000\040\000e\000\040\000d\000e\000l\000l\000'\000I\000m\000p\000a\000t\000t\000o}{chapter.3}% 24
\BOOKMARK [1][-]{section.3.2}{\376\377\000A\000n\000a\000l\000i\000s\000i\000\040\000d\000i\000\040\000'\000A\000p\000a\000c\000h\000e\000\040\000H\000T\000T\000P\000\040\000S\000e\000r\000v\000e\000r\000\040\000T\000e\000s\000t\000\040\000P\000a\000g\000e\000'}{chapter.3}% 25
\BOOKMARK [2][-]{subsection.3.2.1}{\376\377\000C\000a\000u\000s\000e\000:}{section.3.2}% 26
\BOOKMARK [2][-]{subsection.3.2.2}{\376\377\000V\000e\000t\000t\000o\000r\000i\000\040\000d\000i\000\040\000A\000t\000t\000a\000c\000c\000o\000:}{section.3.2}% 27
\BOOKMARK [2][-]{subsection.3.2.3}{\376\377\000C\000o\000n\000s\000e\000g\000u\000e\000n\000z\000e\000:}{section.3.2}% 28
\BOOKMARK [1][-]{section.3.3}{\376\377\000H\000o\000s\000t\000\040\000C\000o\000l\000p\000i\000t\000i\000\040\000e\000\040\000I\000m\000p\000a\000t\000t\000o\000\040\000s\000u\000l\000l\000a\000\040\000R\000e\000t\000e}{chapter.3}% 29
\BOOKMARK [1][-]{section.3.4}{\376\377\000P\000e\000r\000c\000h\000\351\000\040\000w\000w\000w\000.\000e\000u\000r\000o\000s\000c\000a\000t\000o\000l\000a\000.\000i\000t\000\040\000\350\000\040\000i\000l\000\040\000p\000i\000\371\000\040\000c\000o\000l\000p\000i\000t\000o\000?}{chapter.3}% 30
\BOOKMARK [2][-]{subsection.3.4.1}{\376\377\000T\000e\000m\000i\000\040\000C\000o\000m\000u\000n\000i\000\040\000e\000\040\000P\000r\000o\000b\000l\000e\000m\000i\000\040\000S\000i\000s\000t\000e\000m\000i\000c\000i}{section.3.4}% 31
\BOOKMARK [0][-]{chapter.4}{\376\377\000A\000n\000a\000l\000i\000s\000i\000\040\000d\000e\000l\000l\000a\000\040\000S\000u\000p\000e\000r\000f\000i\000c\000i\000e\000\040\000d\000i\000\040\000A\000t\000t\000a\000c\000c\000o\000\040\000p\000e\000r}{}% 32
\BOOKMARK [1][-]{section.4.1}{\376\377\000R\000i\000e\000p\000i\000l\000o\000g\000o\000\040\000d\000e\000l\000l\000a\000\040\000D\000i\000s\000t\000r\000i\000b\000u\000z\000i\000o\000n\000e\000\040\000d\000e\000i\000\040\000T\000i\000p\000i\000\040\000d\000i\000\040\000V\000u\000l\000n\000e\000r\000a\000b\000i\000l\000i\000t\000\340}{chapter.4}% 33
\BOOKMARK [1][-]{section.4.2}{\376\377\000A\000n\000a\000l\000i\000s\000i\000\040\000I\000n\000i\000z\000i\000a\000l\000e\000\040\000d\000e\000l\000l\000e\000\040\000S\000f\000i\000d\000e\000\040\000d\000i\000\040\000S\000i\000c\000u\000r\000e\000z\000z\000a}{chapter.4}% 34
\BOOKMARK [1][-]{section.4.3}{\376\377\000A\000n\000a\000l\000i\000s\000i\000\040\000D\000e\000t\000t\000a\000g\000l\000i\000a\000t\000a\000\040\000d\000i\000\040\000'\000H\000T\000T\000P\000\040\000M\000i\000s\000s\000i\000n\000g\000\040\000S\000e\000c\000u\000r\000i\000t\000y\000\040\000H\000e\000a\000d\000e\000r\000s\000'}{chapter.4}% 35
\BOOKMARK [1][-]{section.4.4}{\376\377\000A\000n\000a\000l\000i\000s\000i\000\040\000D\000e\000t\000t\000a\000g\000l\000i\000a\000t\000a\000\040\000d\000e\000i\000\040\0001\0000\000\040\000T\000i\000p\000i\000\040\000P\000r\000i\000n\000c\000i\000p\000a\000l\000i}{chapter.4}% 36
\BOOKMARK [2][-]{subsection.4.4.1}{\376\377\000H\000T\000T\000P\000\040\000M\000i\000s\000s\000i\000n\000g\000\040\000S\000e\000c\000u\000r\000i\000t\000y\000\040\000H\000e\000a\000d\000e\000r\000s}{section.4.4}% 37
\BOOKMARK [2][-]{subsection.4.4.2}{\376\377\000C\000A\000A\000\040\000R\000e\000c\000o\000r\000d}{section.4.4}% 38
\BOOKMARK [2][-]{subsection.4.4.3}{\376\377\000H\000T\000T\000P\000\040\000T\000R\000A\000C\000E\000\040\000m\000e\000t\000h\000o\000d\000\040\000e\000n\000a\000b\000l\000e\000d}{section.4.4}% 39
\BOOKMARK [2][-]{subsection.4.4.4}{\376\377\000A\000p\000a\000c\000h\000e\000\040\000H\000T\000T\000P\000\040\000S\000e\000r\000v\000e\000r\000\040\000T\000e\000s\000t\000\040\000P\000a\000g\000e}{section.4.4}% 40
\BOOKMARK [2][-]{subsection.4.4.5}{\376\377\000W\000A\000F\000\040\000D\000e\000t\000e\000c\000t\000i\000o\000n}{section.4.4}% 41
\BOOKMARK [2][-]{subsection.4.4.6}{\376\377\000A\000l\000l\000o\000w\000e\000d\000\040\000O\000p\000t\000i\000o\000n\000s\000\040\000M\000e\000t\000h\000o\000d}{section.4.4}% 42
\BOOKMARK [2][-]{subsection.4.4.7}{\376\377\000E\000m\000a\000i\000l\000\040\000E\000x\000t\000r\000a\000c\000t\000o\000r}{section.4.4}% 43
\BOOKMARK [2][-]{subsection.4.4.8}{\376\377\000W\000a\000p\000p\000a\000l\000y\000z\000e\000r\000\040\000T\000e\000c\000h\000n\000o\000l\000o\000g\000y\000\040\000D\000e\000t\000e\000c\000t\000i\000o\000n}{section.4.4}% 44
\BOOKMARK [2][-]{subsection.4.4.9}{\376\377\000A\000p\000a\000c\000h\000e\000\040\000T\000o\000m\000c\000a\000t\000\040\000-\000\040\000O\000p\000e\000n\000\040\000R\000e\000d\000i\000r\000e\000c\000t}{section.4.4}% 45
\BOOKMARK [2][-]{subsection.4.4.10}{\376\377\000O\000p\000e\000n\000\040\000R\000e\000d\000i\000r\000e\000c\000t\000\040\000-\000\040\000D\000e\000t\000e\000c\000t\000i\000o\000n}{section.4.4}% 46
\BOOKMARK [1][-]{section.4.5}{\376\377\000V\000a\000l\000u\000t\000a\000z\000i\000o\000n\000e\000\040\000d\000e\000l\000\040\000R\000i\000s\000c\000h\000i\000o\000\040\000C\000o\000m\000p\000l\000e\000s\000s\000i\000v\000o}{chapter.4}% 47
\BOOKMARK [0][-]{chapter.5}{\376\377\000A\000n\000a\000l\000i\000s\000i\000\040\000d\000e\000i\000\040\000R\000i\000s\000u\000l\000t\000a\000t\000i\000\040\000d\000e\000i\000\040\000T\000e\000s\000t\000\040\000d\000i\000\040\000P\000e\000n\000e\000t\000r\000a\000z\000i\000o\000n\000e}{}% 48
\BOOKMARK [1][-]{section.5.1}{\376\377\000I\000n\000t\000r\000o\000d\000u\000z\000i\000o\000n\000e}{chapter.5}% 49
\BOOKMARK [1][-]{section.5.2}{\376\377\000D\000i\000s\000t\000r\000i\000b\000u\000z\000i\000o\000n\000e\000\040\000G\000e\000n\000e\000r\000a\000l\000e}{chapter.5}% 50
\BOOKMARK [1][-]{section.5.3}{\376\377\000I\000\040\0005\000\040\000H\000o\000s\000t\000\040\000P\000i\000\371\000\040\000V\000u\000l\000n\000e\000r\000a\000b\000i\000l\000i}{chapter.5}% 51
\BOOKMARK [1][-]{section.5.4}{\376\377\000G\000e\000o\000l\000o\000c\000a\000l\000i\000z\000z\000a\000z\000i\000o\000n\000e\000\040\000d\000e\000i\000\040\0005\000\040\000H\000o\000s\000t\000\040\000p\000i\000\371\000\040\000V\000u\000l\000n\000e\000r\000a\000b\000i\000l\000i}{chapter.5}% 52
\BOOKMARK [1][-]{section.5.5}{\376\377\000S\000c\000h\000e\000m\000i\000\040\000o\000\040\000C\000o\000r\000r\000e\000l\000a\000z\000i\000o\000n\000i\000\040\000t\000r\000a\000\040\000P\000o\000s\000i\000z\000i\000o\000n\000e\000\040\000e\000\040\000V\000u\000l\000n\000e\000r\000a\000b\000i\000l\000i\000t\000\340}{chapter.5}% 53
\BOOKMARK [1][-]{section.5.6}{\376\377\000C\000o\000n\000c\000l\000u\000s\000i\000o\000n\000i}{chapter.5}% 54
\BOOKMARK [0][-]{chapter.6}{\376\377\000T\000o\000p\000\040\0001\0000\000\040\000V\000u\000l\000n\000e\000r\000a\000b\000i\000l\000i\000t\000i\000e\000s}{}% 55
